<?xml version="1.0" encoding="UTF-8"?>
<!-- Generated by org.testng.reporters.JUnitXMLReporter -->
<testsuite ignored="0" hostname="DESKTOP-QHOC536" failures="0" tests="4" name="Default test" time="32.687" errors="0" timestamp="2020-11-27T09:51:56 IST">
  <testcase classname="testcases.E2ETest" name="PrintAllLanguagesApp" time="2.497"/>
  <testcase classname="testcases.E2ETest" name="DeutschApp" time="7.325"/>
  <testcase classname="testcases.E2ETest" name="SuomiApp" time="7.316"/>
  <testcase classname="testcases.E2ETest" name="EnglishApp" time="5.372"/>
</testsuite> <!-- Default test -->
