<?xml version="1.0" encoding="UTF-8"?>
<!-- Generated by org.testng.reporters.JUnitXMLReporter -->
<testsuite ignored="0" hostname="DESKTOP-QHOC536" failures="0" tests="4" name="Default test" time="57.803" errors="0" timestamp="2020-11-28T22:03:27 IST">
  <testcase classname="testcases.AllLangsTest" name="PrintAllLanguagesApp" time="3.034"/>
  <testcase classname="testcases.AllLangsTest" name="DeutschApp" time="11.922"/>
  <testcase classname="testcases.AllLangsTest" name="SuomiApp" time="13.971"/>
  <testcase classname="testcases.AllLangsTest" name="EnglishApp" time="9.371"/>
</testsuite> <!-- Default test -->
