<?xml version="1.0" encoding="UTF-8"?>
<testng-results ignored="0" total="4" passed="4" failed="0" skipped="0">
  <reporter-output>
  </reporter-output>
  <suite started-at="2020-11-27T09:51:23 IST" name="Default suite" finished-at="2020-11-27T09:51:56 IST" duration-ms="32687">
    <groups>
    </groups>
    <test started-at="2020-11-27T09:51:23 IST" name="Default test" finished-at="2020-11-27T09:51:56 IST" duration-ms="32687">
      <class name="testcases.E2ETest">
        <test-method is-config="true" signature="setUpSuite()[pri:0, instance:testcases.E2ETest@36d585c]" started-at="2020-11-27T09:51:23 IST" name="setUpSuite" finished-at="2020-11-27T09:51:23 IST" duration-ms="495" status="PASS">
          <reporter-output>
          </reporter-output>
        </test-method> <!-- setUpSuite -->
        <test-method is-config="true" signature="seExtent()[pri:0, instance:testcases.E2ETest@36d585c]" started-at="2020-11-27T09:51:23 IST" name="seExtent" finished-at="2020-11-27T09:51:23 IST" duration-ms="128" status="PASS">
          <reporter-output>
          </reporter-output>
        </test-method> <!-- seExtent -->
        <test-method is-config="true" signature="setupApplication()[pri:0, instance:testcases.E2ETest@36d585c]" started-at="2020-11-27T09:51:23 IST" name="setupApplication" finished-at="2020-11-27T09:51:32 IST" duration-ms="9032" status="PASS">
          <reporter-output>
          </reporter-output>
        </test-method> <!-- setupApplication -->
        <test-method signature="PrintAllLanguagesApp()[pri:0, instance:testcases.E2ETest@36d585c]" started-at="2020-11-27T09:51:32 IST" name="PrintAllLanguagesApp" finished-at="2020-11-27T09:51:35 IST" duration-ms="2497" status="PASS">
          <reporter-output>
          </reporter-output>
        </test-method> <!-- PrintAllLanguagesApp -->
        <test-method is-config="true" signature="tearDownMethod(org.testng.ITestResult)[pri:0, instance:testcases.E2ETest@36d585c]" started-at="2020-11-27T09:51:35 IST" name="tearDownMethod" finished-at="2020-11-27T09:51:35 IST" duration-ms="6" status="PASS">
          <params>
            <param index="0">
              <value>
                <![CDATA[[TestResult name=PrintAllLanguagesApp status=SUCCESS method=E2ETest.PrintAllLanguagesApp()[pri:0, instance:testcases.E2ETest@36d585c] output={null}]]]>
              </value>
            </param>
          </params>
          <reporter-output>
          </reporter-output>
        </test-method> <!-- tearDownMethod -->
        <test-method signature="DeutschApp()[pri:1, instance:testcases.E2ETest@36d585c]" started-at="2020-11-27T09:51:35 IST" name="DeutschApp" finished-at="2020-11-27T09:51:42 IST" duration-ms="7325" status="PASS">
          <reporter-output>
          </reporter-output>
        </test-method> <!-- DeutschApp -->
        <test-method is-config="true" signature="tearDownMethod(org.testng.ITestResult)[pri:0, instance:testcases.E2ETest@36d585c]" started-at="2020-11-27T09:51:42 IST" name="tearDownMethod" finished-at="2020-11-27T09:51:42 IST" duration-ms="1" status="PASS">
          <params>
            <param index="0">
              <value>
                <![CDATA[[TestResult name=DeutschApp status=SUCCESS method=E2ETest.DeutschApp()[pri:1, instance:testcases.E2ETest@36d585c] output={null}]]]>
              </value>
            </param>
          </params>
          <reporter-output>
          </reporter-output>
        </test-method> <!-- tearDownMethod -->
        <test-method signature="SuomiApp()[pri:2, instance:testcases.E2ETest@36d585c]" started-at="2020-11-27T09:51:42 IST" name="SuomiApp" finished-at="2020-11-27T09:51:49 IST" duration-ms="7316" status="PASS">
          <reporter-output>
          </reporter-output>
        </test-method> <!-- SuomiApp -->
        <test-method is-config="true" signature="tearDownMethod(org.testng.ITestResult)[pri:0, instance:testcases.E2ETest@36d585c]" started-at="2020-11-27T09:51:49 IST" name="tearDownMethod" finished-at="2020-11-27T09:51:49 IST" duration-ms="0" status="PASS">
          <params>
            <param index="0">
              <value>
                <![CDATA[[TestResult name=SuomiApp status=SUCCESS method=E2ETest.SuomiApp()[pri:2, instance:testcases.E2ETest@36d585c] output={null}]]]>
              </value>
            </param>
          </params>
          <reporter-output>
          </reporter-output>
        </test-method> <!-- tearDownMethod -->
        <test-method signature="EnglishApp()[pri:3, instance:testcases.E2ETest@36d585c]" started-at="2020-11-27T09:51:49 IST" name="EnglishApp" finished-at="2020-11-27T09:51:55 IST" duration-ms="5372" status="PASS">
          <reporter-output>
          </reporter-output>
        </test-method> <!-- EnglishApp -->
        <test-method is-config="true" signature="tearDownMethod(org.testng.ITestResult)[pri:0, instance:testcases.E2ETest@36d585c]" started-at="2020-11-27T09:51:55 IST" name="tearDownMethod" finished-at="2020-11-27T09:51:55 IST" duration-ms="1" status="PASS">
          <params>
            <param index="0">
              <value>
                <![CDATA[[TestResult name=EnglishApp status=SUCCESS method=E2ETest.EnglishApp()[pri:3, instance:testcases.E2ETest@36d585c] output={null}]]]>
              </value>
            </param>
          </params>
          <reporter-output>
          </reporter-output>
        </test-method> <!-- tearDownMethod -->
        <test-method is-config="true" signature="tearDown()[pri:0, instance:testcases.E2ETest@36d585c]" started-at="2020-11-27T09:51:55 IST" name="tearDown" finished-at="2020-11-27T09:51:56 IST" duration-ms="712" status="PASS">
          <reporter-output>
          </reporter-output>
        </test-method> <!-- tearDown -->
        <test-method is-config="true" signature="endReport()[pri:0, instance:testcases.E2ETest@36d585c]" started-at="2020-11-27T09:51:56 IST" name="endReport" finished-at="2020-11-27T09:51:56 IST" duration-ms="263" status="PASS">
          <reporter-output>
          </reporter-output>
        </test-method> <!-- endReport -->
      </class> <!-- testcases.E2ETest -->
    </test> <!-- Default test -->
  </suite> <!-- Default suite -->
</testng-results>
