<?xml version="1.0" encoding="UTF-8"?>
<testng-results ignored="0" total="4" passed="4" failed="0" skipped="0">
  <reporter-output>
  </reporter-output>
  <suite started-at="2020-11-28T22:02:29 IST" name="Default suite" finished-at="2020-11-28T22:03:27 IST" duration-ms="57803">
    <groups>
    </groups>
    <test started-at="2020-11-28T22:02:29 IST" name="Default test" finished-at="2020-11-28T22:03:27 IST" duration-ms="57803">
      <class name="testcases.AllLangsTest">
        <test-method is-config="true" signature="setUpSuite()[pri:0, instance:testcases.AllLangsTest@36d585c]" started-at="2020-11-28T22:02:29 IST" name="setUpSuite" finished-at="2020-11-28T22:02:29 IST" duration-ms="546" status="PASS">
          <reporter-output>
          </reporter-output>
        </test-method> <!-- setUpSuite -->
        <test-method is-config="true" signature="seExtent()[pri:0, instance:testcases.AllLangsTest@36d585c]" started-at="2020-11-28T22:02:29 IST" name="seExtent" finished-at="2020-11-28T22:02:30 IST" duration-ms="119" status="PASS">
          <reporter-output>
          </reporter-output>
        </test-method> <!-- seExtent -->
        <test-method is-config="true" signature="setupApplication()[pri:0, instance:testcases.AllLangsTest@36d585c]" started-at="2020-11-28T22:02:30 IST" name="setupApplication" finished-at="2020-11-28T22:02:48 IST" duration-ms="18216" status="PASS">
          <reporter-output>
          </reporter-output>
        </test-method> <!-- setupApplication -->
        <test-method signature="PrintAllLanguagesApp()[pri:0, instance:testcases.AllLangsTest@36d585c]" started-at="2020-11-28T22:02:48 IST" name="PrintAllLanguagesApp" finished-at="2020-11-28T22:02:51 IST" duration-ms="3034" status="PASS">
          <reporter-output>
          </reporter-output>
        </test-method> <!-- PrintAllLanguagesApp -->
        <test-method is-config="true" signature="tearDownMethod(org.testng.ITestResult)[pri:0, instance:testcases.AllLangsTest@36d585c]" started-at="2020-11-28T22:02:51 IST" name="tearDownMethod" finished-at="2020-11-28T22:02:51 IST" duration-ms="10" status="PASS">
          <params>
            <param index="0">
              <value>
                <![CDATA[[TestResult name=PrintAllLanguagesApp status=SUCCESS method=AllLangsTest.PrintAllLanguagesApp()[pri:0, instance:testcases.AllLangsTest@36d585c] output={null}]]]>
              </value>
            </param>
          </params>
          <reporter-output>
          </reporter-output>
        </test-method> <!-- tearDownMethod -->
        <test-method signature="DeutschApp()[pri:1, instance:testcases.AllLangsTest@36d585c]" started-at="2020-11-28T22:02:51 IST" name="DeutschApp" finished-at="2020-11-28T22:03:03 IST" duration-ms="11922" status="PASS">
          <reporter-output>
          </reporter-output>
        </test-method> <!-- DeutschApp -->
        <test-method is-config="true" signature="tearDownMethod(org.testng.ITestResult)[pri:0, instance:testcases.AllLangsTest@36d585c]" started-at="2020-11-28T22:03:03 IST" name="tearDownMethod" finished-at="2020-11-28T22:03:03 IST" duration-ms="0" status="PASS">
          <params>
            <param index="0">
              <value>
                <![CDATA[[TestResult name=DeutschApp status=SUCCESS method=AllLangsTest.DeutschApp()[pri:1, instance:testcases.AllLangsTest@36d585c] output={null}]]]>
              </value>
            </param>
          </params>
          <reporter-output>
          </reporter-output>
        </test-method> <!-- tearDownMethod -->
        <test-method signature="SuomiApp()[pri:2, instance:testcases.AllLangsTest@36d585c]" started-at="2020-11-28T22:03:03 IST" name="SuomiApp" finished-at="2020-11-28T22:03:17 IST" duration-ms="13971" status="PASS">
          <reporter-output>
          </reporter-output>
        </test-method> <!-- SuomiApp -->
        <test-method is-config="true" signature="tearDownMethod(org.testng.ITestResult)[pri:0, instance:testcases.AllLangsTest@36d585c]" started-at="2020-11-28T22:03:17 IST" name="tearDownMethod" finished-at="2020-11-28T22:03:17 IST" duration-ms="1" status="PASS">
          <params>
            <param index="0">
              <value>
                <![CDATA[[TestResult name=SuomiApp status=SUCCESS method=AllLangsTest.SuomiApp()[pri:2, instance:testcases.AllLangsTest@36d585c] output={null}]]]>
              </value>
            </param>
          </params>
          <reporter-output>
          </reporter-output>
        </test-method> <!-- tearDownMethod -->
        <test-method signature="EnglishApp()[pri:3, instance:testcases.AllLangsTest@36d585c]" started-at="2020-11-28T22:03:17 IST" name="EnglishApp" finished-at="2020-11-28T22:03:26 IST" duration-ms="9371" status="PASS">
          <reporter-output>
          </reporter-output>
        </test-method> <!-- EnglishApp -->
        <test-method is-config="true" signature="tearDownMethod(org.testng.ITestResult)[pri:0, instance:testcases.AllLangsTest@36d585c]" started-at="2020-11-28T22:03:26 IST" name="tearDownMethod" finished-at="2020-11-28T22:03:26 IST" duration-ms="0" status="PASS">
          <params>
            <param index="0">
              <value>
                <![CDATA[[TestResult name=EnglishApp status=SUCCESS method=AllLangsTest.EnglishApp()[pri:3, instance:testcases.AllLangsTest@36d585c] output={null}]]]>
              </value>
            </param>
          </params>
          <reporter-output>
          </reporter-output>
        </test-method> <!-- tearDownMethod -->
        <test-method is-config="true" signature="tearDown()[pri:0, instance:testcases.AllLangsTest@36d585c]" started-at="2020-11-28T22:03:26 IST" name="tearDown" finished-at="2020-11-28T22:03:27 IST" duration-ms="791" status="PASS">
          <reporter-output>
          </reporter-output>
        </test-method> <!-- tearDown -->
        <test-method is-config="true" signature="endReport()[pri:0, instance:testcases.AllLangsTest@36d585c]" started-at="2020-11-28T22:03:27 IST" name="endReport" finished-at="2020-11-28T22:03:27 IST" duration-ms="300" status="PASS">
          <reporter-output>
          </reporter-output>
        </test-method> <!-- endReport -->
      </class> <!-- testcases.AllLangsTest -->
    </test> <!-- Default test -->
  </suite> <!-- Default suite -->
</testng-results>
